\BOOKMARK [0][-]{chapter.2}{\376\377\0001\000\040\000I\000n\000t\000r\000o\000d\000u\000c\000t\000i\000o\000n}{}% 1
\BOOKMARK [0][-]{chapter.3}{\376\377\0002\000\040\000R\000e\000l\000a\000t\000e\000d\000\040\000W\000o\000r\000k\000\040\000a\000n\000d\000\040\000B\000a\000c\000k\000g\000r\000o\000u\000n\000d}{}% 2
\BOOKMARK [1][-]{section.4}{\376\377\0002\000.\0001\000\040\000R\000o\000w\000-\000o\000r\000i\000e\000n\000t\000e\000d\000\040\000S\000t\000o\000r\000a\000g\000e\000\040\000a\000n\000d\000\040\000D\000a\000t\000a\000\040\000A\000c\000c\000e\000s\000s}{chapter.3}% 3
\BOOKMARK [1][-]{section.5}{\376\377\0002\000.\0002\000\040\000C\000o\000l\000u\000m\000n\000-\000s\000t\000o\000r\000e\000s}{chapter.3}% 4
\BOOKMARK [1][-]{section.6}{\376\377\0002\000.\0003\000\040\000I\000n\000d\000i\000c\000e\000s}{chapter.3}% 5
\BOOKMARK [1][-]{section.7}{\376\377\0002\000.\0004\000\040\000O\000f\000f\000l\000i\000n\000e\000\040\000I\000n\000d\000e\000x\000i\000n\000g}{chapter.3}% 6
\BOOKMARK [1][-]{section.8}{\376\377\0002\000.\0005\000\040\000O\000n\000l\000i\000n\000e\000\040\000I\000n\000d\000e\000x\000i\000n\000g}{chapter.3}% 7
\BOOKMARK [1][-]{section.9}{\376\377\0002\000.\0006\000\040\000A\000d\000a\000p\000t\000i\000v\000e\000\040\000I\000n\000d\000e\000x\000i\000n\000g}{chapter.3}% 8
\BOOKMARK [1][-]{section.10}{\376\377\0002\000.\0007\000\040\000D\000a\000t\000a\000b\000a\000s\000e\000\040\000S\000y\000s\000t\000e\000m\000s\000\040\000f\000o\000r\000\040\000t\000h\000e\000\040\000M\000u\000l\000t\000i\000-\000c\000o\000r\000e\000\040\000E\000r\000a}{chapter.3}% 9
\BOOKMARK [1][-]{section.11}{\376\377\0002\000.\0008\000\040\000T\000h\000e\000\040\000M\000o\000n\000e\000t\000D\000B\000\040\000S\000y\000s\000t\000e\000m}{chapter.3}% 10
\BOOKMARK [1][-]{section.12}{\376\377\0002\000.\0009\000\040\000S\000u\000m\000m\000a\000r\000y}{chapter.3}% 11
\BOOKMARK [0][-]{chapter.13}{\376\377\0003\000\040\000D\000a\000t\000a\000b\000a\000s\000e\000\040\000C\000r\000a\000c\000k\000i\000n\000g\000:\000\040\000F\000a\000n\000c\000y\000\040\000S\000c\000a\000n\000,\000\040\000n\000o\000t\000\040\000P\000o\000o\000r\000\040\000M\000a\000n\000'\000s\000\040\000S\000o\000r\000t\000!}{}% 12
\BOOKMARK [1][-]{section.14}{\376\377\0003\000.\0001\000\040\000I\000n\000t\000r\000o\000d\000u\000c\000t\000i\000o\000n}{chapter.13}% 13
\BOOKMARK [1][-]{section.17}{\376\377\0003\000.\0002\000\040\000B\000a\000c\000k\000g\000r\000o\000u\000n\000d\000\040\000\046\000\040\000R\000e\000l\000a\000t\000e\000d\000\040\000W\000o\000r\000k}{chapter.13}% 14
\BOOKMARK [1][-]{section.22}{\376\377\0003\000.\0003\000\040\000C\000l\000a\000s\000s\000i\000c\000\040\000C\000r\000a\000c\000k\000i\000n\000g}{chapter.13}% 15
\BOOKMARK [1][-]{section.33}{\376\377\0003\000.\0004\000\040\000C\000P\000U\000\040\000E\000f\000f\000i\000c\000i\000e\000n\000t\000\040\000C\000r\000a\000c\000k\000i\000n\000g}{chapter.13}% 16
\BOOKMARK [1][-]{section.45}{\376\377\0003\000.\0005\000\040\000P\000a\000r\000a\000l\000l\000e\000l\000i\000z\000a\000t\000i\000o\000n}{chapter.13}% 17
\BOOKMARK [1][-]{section.51}{\376\377\0003\000.\0006\000\040\000E\000v\000a\000l\000u\000a\000t\000i\000o\000n}{chapter.13}% 18
\BOOKMARK [1][-]{section.75}{\376\377\0003\000.\0007\000\040\000S\000u\000m\000m\000a\000r\000y}{chapter.13}% 19
\BOOKMARK [0][-]{chapter.76}{\376\377\0004\000\040\000H\000o\000l\000i\000s\000t\000i\000c\000\040\000I\000n\000d\000e\000x\000i\000n\000g\000\040\000i\000n\000\040\000M\000a\000i\000n\000-\000m\000e\000m\000o\000r\000y\000\040\000C\000o\000l\000u\000m\000n\000-\000s\000t\000o\000r\000e\000s}{}% 20
\BOOKMARK [1][-]{section.77}{\376\377\0004\000.\0001\000\040\000I\000n\000t\000r\000o\000d\000u\000c\000t\000i\000o\000n}{chapter.76}% 21
\BOOKMARK [1][-]{section.79}{\376\377\0004\000.\0002\000\040\000H\000o\000l\000i\000s\000t\000i\000c\000\040\000I\000n\000d\000e\000x\000i\000n\000g}{chapter.76}% 22
\BOOKMARK [2][-]{subsection.80}{\376\377\0004\000.\0002\000.\0001\000\040\000P\000r\000e\000l\000i\000m\000i\000n\000a\000r\000y\000\040\000D\000e\000f\000i\000n\000i\000t\000i\000o\000n\000s}{section.79}% 23
\BOOKMARK [2][-]{subsection.82}{\376\377\0004\000.\0002\000.\0002\000\040\000S\000y\000s\000t\000e\000m\000\040\000D\000e\000s\000i\000g\000n}{section.79}% 24
\BOOKMARK [1][-]{section.92}{\376\377\0004\000.\0003\000\040\000E\000x\000p\000e\000r\000i\000m\000e\000n\000t\000a\000l\000\040\000A\000n\000a\000l\000y\000s\000i\000s}{chapter.76}% 25
\BOOKMARK [2][-]{subsection.93}{\376\377\0004\000.\0003\000.\0001\000\040\000I\000m\000p\000r\000o\000v\000i\000n\000g\000\040\000o\000v\000e\000r\000\040\000S\000t\000a\000t\000e\000-\000o\000f\000-\000t\000h\000e\000-\000A\000r\000t\000\040\000I\000n\000d\000e\000x\000i\000n\000g}{section.92}% 26
\BOOKMARK [2][-]{subsection.104}{\376\377\0004\000.\0003\000.\0002\000\040\000H\000o\000l\000i\000s\000t\000i\000c\000\040\000V\000s\000.\000\040\000M\000u\000l\000t\000i\000-\000c\000o\000r\000e\000\040\000A\000d\000a\000p\000t\000i\000v\000e\000\040\000I\000n\000d\000e\000x\000i\000n\000g}{section.92}% 27
\BOOKMARK [2][-]{subsection.111}{\376\377\0004\000.\0003\000.\0003\000\040\000R\000o\000b\000u\000s\000t\000n\000e\000s\000s}{section.92}% 28
\BOOKMARK [2][-]{subsection.116}{\376\377\0004\000.\0003\000.\0004\000\040\000M\000o\000r\000e\000\040\000B\000e\000n\000e\000f\000i\000t\000s\000\040\000w\000i\000t\000h\000\040\000C\000o\000m\000p\000l\000e\000x\000\040\000S\000c\000h\000e\000m\000a\000s}{section.92}% 29
\BOOKMARK [2][-]{subsection.118}{\376\377\0004\000.\0003\000.\0005\000\040\000D\000e\000s\000i\000g\000n\000\040\000D\000e\000c\000i\000s\000i\000o\000n\000s}{section.92}% 30
\BOOKMARK [2][-]{subsection.119}{\376\377\0004\000.\0003\000.\0006\000\040\000T\000P\000C\000-\000H}{section.92}% 31
\BOOKMARK [2][-]{subsection.120}{\376\377\0004\000.\0003\000.\0007\000\040\000U\000p\000d\000a\000t\000e\000s}{section.92}% 32
\BOOKMARK [2][-]{subsection.122}{\376\377\0004\000.\0003\000.\0008\000\040\000V\000a\000r\000y\000i\000n\000g\000\040\000N\000u\000m\000b\000e\000r\000\040\000o\000f\000\040\000C\000l\000i\000e\000n\000t\000s}{section.92}% 33
\BOOKMARK [0][-]{figure.caption.123}{\376\377\000B\000i\000b\000l\000i\000o\000g\000r\000a\000p\000h\000y}{}% 34
\BOOKMARK [0][-]{dummy.125}{\376\377\000L\000i\000s\000t\000\040\000o\000f\000\040\000F\000i\000g\000u\000r\000e\000s}{}% 35
\BOOKMARK [0][-]{dummy.127}{\376\377\000L\000i\000s\000t\000\040\000o\000f\000\040\000T\000a\000b\000l\000e\000s}{}% 36
\BOOKMARK [0][-]{dummy.129}{\376\377\000A\000b\000b\000r\000e\000v\000i\000a\000t\000i\000o\000n\000s}{}% 37
\BOOKMARK [0][-]{table.131}{\376\377\000S\000u\000m\000m\000a\000r\000y}{}% 38
\BOOKMARK [0][-]{chapter*.132}{\376\377\000S\000a\000m\000e\000n\000v\000a\000t\000t\000i\000n\000g}{}% 39
\BOOKMARK [0][-]{chapter*.133}{\376\377\000A\000c\000k\000n\000o\000w\000l\000e\000d\000g\000e\000m\000e\000n\000t\000s}{}% 40
\BOOKMARK [0][-]{chapter*.134}{\376\377\000S\000I\000K\000S\000\040\000D\000i\000s\000s\000e\000r\000t\000a\000t\000i\000o\000n\000\040\000S\000e\000r\000i\000e\000s}{}% 41
