This is pdfTeX, Version 3.14159265-2.6-1.40.15 (TeX Live 2014) (preloaded format=pdflatex 2014.5.25)  14 JUL 2015 15:29
entering extended mode
 restricted \write18 enabled.
 %&-line parsing enabled.
**top
(./top.tex
LaTeX2e <2014/05/01>
Babel <3.9k> and hyphenation patterns for 78 languages loaded.
(./Thesis.cls
Document Class: Thesis 2007/22/02 v1.0 LaTeX document class
(/usr/local/texlive/2014/texmf-dist/tex/latex/base/book.cls
Document Class: book 2007/10/19 v1.4h Standard LaTeX document class
(/usr/local/texlive/2014/texmf-dist/tex/latex/base/bk11.clo
File: bk11.clo 2007/10/19 v1.4h Standard LaTeX file (size option)
)
\c@part=\count79
\c@chapter=\count80
\c@section=\count81
\c@subsection=\count82
\c@subsubsection=\count83
\c@paragraph=\count84
\c@subparagraph=\count85
\c@figure=\count86
\c@table=\count87
\abovecaptionskip=\skip41
\belowcaptionskip=\skip42
\bibindent=\dimen102
)
(/usr/local/texlive/2014/texmf-dist/tex/latex/setspace/setspace.sty
Package: setspace 2011/12/19 v6.7a set line spacing
)
(/usr/local/texlive/2014/texmf-dist/tex/latex/vmargin/vmargin.sty
Package: vmargin 2004/07/15 V2.5 set document margins (VK)

Package: vmargin 2004/07/15 V2.5 set document margins (VK)
\PaperWidth=\dimen103
\PaperHeight=\dimen104
) (/usr/local/texlive/2014/texmf-dist/tex/latex/base/inputenc.sty
Package: inputenc 2014/04/30 v1.2b Input encoding file
\inpenc@prehook=\toks14
\inpenc@posthook=\toks15

(/usr/local/texlive/2014/texmf-dist/tex/latex/base/utf8.def
File: utf8.def 2008/04/05 v1.1m UTF-8 support for inputenc
Now handling font encoding OML ...
... no UTF-8 mapping file for font encoding OML
Now handling font encoding T1 ...
... processing UTF-8 mapping file for font encoding T1

(/usr/local/texlive/2014/texmf-dist/tex/latex/base/t1enc.dfu
File: t1enc.dfu 2008/04/05 v1.1m UTF-8 support for inputenc
   defining Unicode char U+00A1 (decimal 161)
   defining Unicode char U+00A3 (decimal 163)
   defining Unicode char U+00AB (decimal 171)
   defining Unicode char U+00BB (decimal 187)
   defining Unicode char U+00BF (decimal 191)
   defining Unicode char U+00C0 (decimal 192)
   defining Unicode char U+00C1 (decimal 193)
   defining Unicode char U+00C2 (decimal 194)
   defining Unicode char U+00C3 (decimal 195)
   defining Unicode char U+00C4 (decimal 196)
   defining Unicode char U+00C5 (decimal 197)
   defining Unicode char U+00C6 (decimal 198)
   defining Unicode char U+00C7 (decimal 199)
   defining Unicode char U+00C8 (decimal 200)
   defining Unicode char U+00C9 (decimal 201)
   defining Unicode char U+00CA (decimal 202)
   defining Unicode char U+00CB (decimal 203)
   defining Unicode char U+00CC (decimal 204)
   defining Unicode char U+00CD (decimal 205)
   defining Unicode char U+00CE (decimal 206)
   defining Unicode char U+00CF (decimal 207)
   defining Unicode char U+00D0 (decimal 208)
   defining Unicode char U+00D1 (decimal 209)
   defining Unicode char U+00D2 (decimal 210)
   defining Unicode char U+00D3 (decimal 211)
   defining Unicode char U+00D4 (decimal 212)
   defining Unicode char U+00D5 (decimal 213)
   defining Unicode char U+00D6 (decimal 214)
   defining Unicode char U+00D8 (decimal 216)
   defining Unicode char U+00D9 (decimal 217)
   defining Unicode char U+00DA (decimal 218)
   defining Unicode char U+00DB (decimal 219)
   defining Unicode char U+00DC (decimal 220)
   defining Unicode char U+00DD (decimal 221)
   defining Unicode char U+00DE (decimal 222)
   defining Unicode char U+00DF (decimal 223)
   defining Unicode char U+00E0 (decimal 224)
   defining Unicode char U+00E1 (decimal 225)
   defining Unicode char U+00E2 (decimal 226)
   defining Unicode char U+00E3 (decimal 227)
   defining Unicode char U+00E4 (decimal 228)
   defining Unicode char U+00E5 (decimal 229)
   defining Unicode char U+00E6 (decimal 230)
   defining Unicode char U+00E7 (decimal 231)
   defining Unicode char U+00E8 (decimal 232)
   defining Unicode char U+00E9 (decimal 233)
   defining Unicode char U+00EA (decimal 234)
   defining Unicode char U+00EB (decimal 235)
   defining Unicode char U+00EC (decimal 236)
   defining Unicode char U+00ED (decimal 237)
   defining Unicode char U+00EE (decimal 238)
   defining Unicode char U+00EF (decimal 239)
   defining Unicode char U+00F0 (decimal 240)
   defining Unicode char U+00F1 (decimal 241)
   defining Unicode char U+00F2 (decimal 242)
   defining Unicode char U+00F3 (decimal 243)
   defining Unicode char U+00F4 (decimal 244)
   defining Unicode char U+00F5 (decimal 245)
   defining Unicode char U+00F6 (decimal 246)
   defining Unicode char U+00F8 (decimal 248)
   defining Unicode char U+00F9 (decimal 249)
   defining Unicode char U+00FA (decimal 250)
   defining Unicode char U+00FB (decimal 251)
   defining Unicode char U+00FC (decimal 252)
   defining Unicode char U+00FD (decimal 253)
   defining Unicode char U+00FE (decimal 254)
   defining Unicode char U+00FF (decimal 255)
   defining Unicode char U+0102 (decimal 258)
   defining Unicode char U+0103 (decimal 259)
   defining Unicode char U+0104 (decimal 260)
   defining Unicode char U+0105 (decimal 261)
   defining Unicode char U+0106 (decimal 262)
   defining Unicode char U+0107 (decimal 263)
   defining Unicode char U+010C (decimal 268)
   defining Unicode char U+010D (decimal 269)
   defining Unicode char U+010E (decimal 270)
   defining Unicode char U+010F (decimal 271)
   defining Unicode char U+0110 (decimal 272)
   defining Unicode char U+0111 (decimal 273)
   defining Unicode char U+0118 (decimal 280)
   defining Unicode char U+0119 (decimal 281)
   defining Unicode char U+011A (decimal 282)
   defining Unicode char U+011B (decimal 283)
   defining Unicode char U+011E (decimal 286)
   defining Unicode char U+011F (decimal 287)
   defining Unicode char U+0130 (decimal 304)
   defining Unicode char U+0131 (decimal 305)
   defining Unicode char U+0132 (decimal 306)
   defining Unicode char U+0133 (decimal 307)
   defining Unicode char U+0139 (decimal 313)
   defining Unicode char U+013A (decimal 314)
   defining Unicode char U+013D (decimal 317)
   defining Unicode char U+013E (decimal 318)
   defining Unicode char U+0141 (decimal 321)
   defining Unicode char U+0142 (decimal 322)
   defining Unicode char U+0143 (decimal 323)
   defining Unicode char U+0144 (decimal 324)
   defining Unicode char U+0147 (decimal 327)
   defining Unicode char U+0148 (decimal 328)
   defining Unicode char U+014A (decimal 330)
   defining Unicode char U+014B (decimal 331)
   defining Unicode char U+0150 (decimal 336)
   defining Unicode char U+0151 (decimal 337)
   defining Unicode char U+0152 (decimal 338)
   defining Unicode char U+0153 (decimal 339)
   defining Unicode char U+0154 (decimal 340)
   defining Unicode char U+0155 (decimal 341)
   defining Unicode char U+0158 (decimal 344)
   defining Unicode char U+0159 (decimal 345)
   defining Unicode char U+015A (decimal 346)
   defining Unicode char U+015B (decimal 347)
   defining Unicode char U+015E (decimal 350)
   defining Unicode char U+015F (decimal 351)
   defining Unicode char U+0160 (decimal 352)
   defining Unicode char U+0161 (decimal 353)
   defining Unicode char U+0162 (decimal 354)
   defining Unicode char U+0163 (decimal 355)
   defining Unicode char U+0164 (decimal 356)
   defining Unicode char U+0165 (decimal 357)
   defining Unicode char U+016E (decimal 366)
   defining Unicode char U+016F (decimal 367)
   defining Unicode char U+0170 (decimal 368)
   defining Unicode char U+0171 (decimal 369)
   defining Unicode char U+0178 (decimal 376)
   defining Unicode char U+0179 (decimal 377)
   defining Unicode char U+017A (decimal 378)
   defining Unicode char U+017B (decimal 379)
   defining Unicode char U+017C (decimal 380)
   defining Unicode char U+017D (decimal 381)
   defining Unicode char U+017E (decimal 382)
   defining Unicode char U+200C (decimal 8204)
   defining Unicode char U+2013 (decimal 8211)
   defining Unicode char U+2014 (decimal 8212)
   defining Unicode char U+2018 (decimal 8216)
   defining Unicode char U+2019 (decimal 8217)
   defining Unicode char U+201A (decimal 8218)
   defining Unicode char U+201C (decimal 8220)
   defining Unicode char U+201D (decimal 8221)
   defining Unicode char U+201E (decimal 8222)
   defining Unicode char U+2030 (decimal 8240)
   defining Unicode char U+2031 (decimal 8241)
   defining Unicode char U+2039 (decimal 8249)
   defining Unicode char U+203A (decimal 8250)
   defining Unicode char U+2423 (decimal 9251)
)
Now handling font encoding OT1 ...
... processing UTF-8 mapping file for font encoding OT1

(/usr/local/texlive/2014/texmf-dist/tex/latex/base/ot1enc.dfu
File: ot1enc.dfu 2008/04/05 v1.1m UTF-8 support for inputenc
   defining Unicode char U+00A1 (decimal 161)
   defining Unicode char U+00A3 (decimal 163)
   defining Unicode char U+00B8 (decimal 184)
   defining Unicode char U+00BF (decimal 191)
   defining Unicode char U+00C5 (decimal 197)
   defining Unicode char U+00C6 (decimal 198)
   defining Unicode char U+00D8 (decimal 216)
   defining Unicode char U+00DF (decimal 223)
   defining Unicode char U+00E6 (decimal 230)
   defining Unicode char U+00EC (decimal 236)
   defining Unicode char U+00ED (decimal 237)
   defining Unicode char U+00EE (decimal 238)
   defining Unicode char U+00EF (decimal 239)
   defining Unicode char U+00F8 (decimal 248)
   defining Unicode char U+0131 (decimal 305)
   defining Unicode char U+0141 (decimal 321)
   defining Unicode char U+0142 (decimal 322)
   defining Unicode char U+0152 (decimal 338)
   defining Unicode char U+0153 (decimal 339)
   defining Unicode char U+2013 (decimal 8211)
   defining Unicode char U+2014 (decimal 8212)
   defining Unicode char U+2018 (decimal 8216)
   defining Unicode char U+2019 (decimal 8217)
   defining Unicode char U+201C (decimal 8220)
   defining Unicode char U+201D (decimal 8221)
)
Now handling font encoding OMS ...
... processing UTF-8 mapping file for font encoding OMS

(/usr/local/texlive/2014/texmf-dist/tex/latex/base/omsenc.dfu
File: omsenc.dfu 2008/04/05 v1.1m UTF-8 support for inputenc
   defining Unicode char U+00A7 (decimal 167)
   defining Unicode char U+00B6 (decimal 182)
   defining Unicode char U+00B7 (decimal 183)
   defining Unicode char U+2020 (decimal 8224)
   defining Unicode char U+2021 (decimal 8225)
   defining Unicode char U+2022 (decimal 8226)
)
Now handling font encoding OMX ...
... no UTF-8 mapping file for font encoding OMX
Now handling font encoding U ...
... no UTF-8 mapping file for font encoding U
   defining Unicode char U+00A9 (decimal 169)
   defining Unicode char U+00AA (decimal 170)
   defining Unicode char U+00AE (decimal 174)
   defining Unicode char U+00BA (decimal 186)
   defining Unicode char U+02C6 (decimal 710)
   defining Unicode char U+02DC (decimal 732)
   defining Unicode char U+200C (decimal 8204)
   defining Unicode char U+2026 (decimal 8230)
   defining Unicode char U+2122 (decimal 8482)
   defining Unicode char U+2423 (decimal 9251)
))
(/usr/local/texlive/2014/texmf-dist/tex/latex/fancyhdr/fancyhdr.sty
\fancy@headwidth=\skip43
\f@ncyO@elh=\skip44
\f@ncyO@erh=\skip45
\f@ncyO@olh=\skip46
\f@ncyO@orh=\skip47
\f@ncyO@elf=\skip48
\f@ncyO@erf=\skip49
\f@ncyO@olf=\skip50
\f@ncyO@orf=\skip51
)
(/usr/local/texlive/2014/texmf-dist/tex/latex/amsmath/amsmath.sty
Package: amsmath 2013/01/14 v2.14 AMS math features
\@mathmargin=\skip52

For additional information on amsmath, use the `?' option.
(/usr/local/texlive/2014/texmf-dist/tex/latex/amsmath/amstext.sty
Package: amstext 2000/06/29 v2.01

(/usr/local/texlive/2014/texmf-dist/tex/latex/amsmath/amsgen.sty
File: amsgen.sty 1999/11/30 v2.0
\@emptytoks=\toks16
\ex@=\dimen105
))
(/usr/local/texlive/2014/texmf-dist/tex/latex/amsmath/amsbsy.sty
Package: amsbsy 1999/11/29 v1.2d
\pmbraise@=\dimen106
)
(/usr/local/texlive/2014/texmf-dist/tex/latex/amsmath/amsopn.sty
Package: amsopn 1999/12/14 v2.01 operator names
)
\inf@bad=\count88
LaTeX Info: Redefining \frac on input line 210.
\uproot@=\count89
\leftroot@=\count90
LaTeX Info: Redefining \overline on input line 306.
\classnum@=\count91
\DOTSCASE@=\count92
LaTeX Info: Redefining \ldots on input line 378.
LaTeX Info: Redefining \dots on input line 381.
LaTeX Info: Redefining \cdots on input line 466.
\Mathstrutbox@=\box26
\strutbox@=\box27
\big@size=\dimen107
LaTeX Font Info:    Redeclaring font encoding OML on input line 566.
LaTeX Font Info:    Redeclaring font encoding OMS on input line 567.
\macc@depth=\count93
\c@MaxMatrixCols=\count94
\dotsspace@=\muskip10
\c@parentequation=\count95
\dspbrk@lvl=\count96
\tag@help=\toks17
\row@=\count97
\column@=\count98
\maxfields@=\count99
\andhelp@=\toks18
\eqnshift@=\dimen108
\alignsep@=\dimen109
\tagshift@=\dimen110
\tagwidth@=\dimen111
\totwidth@=\dimen112
\lineht@=\dimen113
\@envbody=\toks19
\multlinegap=\skip53
\multlinetaggap=\skip54
\mathdisplay@stack=\toks20
LaTeX Info: Redefining \[ on input line 2665.
LaTeX Info: Redefining \] on input line 2666.
)
(/usr/local/texlive/2014/texmf-dist/tex/latex/amsfonts/amsfonts.sty
Package: amsfonts 2013/01/14 v3.01 Basic AMSFonts support
\symAMSa=\mathgroup4
\symAMSb=\mathgroup5
LaTeX Font Info:    Overwriting math alphabet `\mathfrak' in version `bold'
(Font)                  U/euf/m/n --> U/euf/b/n on input line 106.
)
(/usr/local/texlive/2014/texmf-dist/tex/latex/amsfonts/amssymb.sty
Package: amssymb 2013/01/14 v3.01 AMS font symbols
)
(/usr/local/texlive/2014/texmf-dist/tex/latex/amsmath/amscd.sty
Package: amscd 1999/11/29 v2.0
\athelp@=\toks21
\minaw@=\dimen114
\bigaw@=\dimen115
\minCDarrowwidth=\dimen116
)
(/usr/local/texlive/2014/texmf-dist/tex/latex/amscls/amsthm.sty
Package: amsthm 2004/08/06 v2.20
\thm@style=\toks22
\thm@bodyfont=\toks23
\thm@headfont=\toks24
\thm@notefont=\toks25
\thm@headpunct=\toks26
\thm@preskip=\skip55
\thm@postskip=\skip56
\thm@headsep=\skip57
\dth@everypar=\toks27
)
(/usr/local/texlive/2014/texmf-dist/tex/latex/tools/xspace.sty
Package: xspace 2009/10/20 v1.13 Space after command names (DPC,MH)
)
\c@example=\count100
\c@theorem=\count101

(/usr/local/texlive/2014/texmf-dist/tex/latex/caption/caption.sty
Package: caption 2013/05/02 v3.3-89 Customizing captions (AR)

(/usr/local/texlive/2014/texmf-dist/tex/latex/caption/caption3.sty
Package: caption3 2013/05/02 v1.6-88 caption3 kernel (AR)
Package caption3 Info: TeX engine: e-TeX on input line 57.

(/usr/local/texlive/2014/texmf-dist/tex/latex/graphics/keyval.sty
Package: keyval 2014/05/08 v1.15 key=value parser (DPC)
\KV@toks@=\toks28
)
\captionmargin=\dimen117
\captionmargin@=\dimen118
\captionwidth=\dimen119
\caption@tempdima=\dimen120
\caption@indent=\dimen121
\caption@parindent=\dimen122
\caption@hangindent=\dimen123
)
\c@ContinuedFloat=\count102
)
(/usr/local/texlive/2014/texmf-dist/tex/latex/graphics/graphicx.sty
Package: graphicx 2014/04/25 v1.0g Enhanced LaTeX Graphics (DPC,SPQR)

(/usr/local/texlive/2014/texmf-dist/tex/latex/graphics/graphics.sty
Package: graphics 2009/02/05 v1.0o Standard LaTeX Graphics (DPC,SPQR)

(/usr/local/texlive/2014/texmf-dist/tex/latex/graphics/trig.sty
Package: trig 1999/03/16 v1.09 sin cos tan (DPC)
)
(/usr/local/texlive/2014/texmf-dist/tex/latex/latexconfig/graphics.cfg
File: graphics.cfg 2010/04/23 v1.9 graphics configuration of TeX Live
)
Package graphics Info: Driver file: pdftex.def on input line 91.

(/usr/local/texlive/2014/texmf-dist/tex/latex/pdftex-def/pdftex.def
File: pdftex.def 2011/05/27 v0.06d Graphics/color for pdfTeX

(/usr/local/texlive/2014/texmf-dist/tex/generic/oberdiek/infwarerr.sty
Package: infwarerr 2010/04/08 v1.3 Providing info/warning/error messages (HO)
)
(/usr/local/texlive/2014/texmf-dist/tex/generic/oberdiek/ltxcmds.sty
Package: ltxcmds 2011/11/09 v1.22 LaTeX kernel commands for general use (HO)
)
\Gread@gobject=\count103
))
\Gin@req@height=\dimen124
\Gin@req@width=\dimen125
)
(/usr/local/texlive/2014/texmf-dist/tex/latex/oberdiek/epstopdf.sty
Package: epstopdf 2010/02/09 v2.5 Conversion with epstopdf on the fly (HO)

(/usr/local/texlive/2014/texmf-dist/tex/latex/oberdiek/epstopdf-base.sty
Package: epstopdf-base 2010/02/09 v2.5 Base part for package epstopdf

(/usr/local/texlive/2014/texmf-dist/tex/latex/oberdiek/grfext.sty
Package: grfext 2010/08/19 v1.1 Manage graphics extensions (HO)

(/usr/local/texlive/2014/texmf-dist/tex/generic/oberdiek/kvdefinekeys.sty
Package: kvdefinekeys 2011/04/07 v1.3 Define keys (HO)
))
(/usr/local/texlive/2014/texmf-dist/tex/latex/oberdiek/kvoptions.sty
Package: kvoptions 2011/06/30 v3.11 Key value format for package options (HO)

(/usr/local/texlive/2014/texmf-dist/tex/generic/oberdiek/kvsetkeys.sty
Package: kvsetkeys 2012/04/25 v1.16 Key value parser (HO)

(/usr/local/texlive/2014/texmf-dist/tex/generic/oberdiek/etexcmds.sty
Package: etexcmds 2011/02/16 v1.5 Avoid name clashes with e-TeX commands (HO)

(/usr/local/texlive/2014/texmf-dist/tex/generic/oberdiek/ifluatex.sty
Package: ifluatex 2010/03/01 v1.3 Provides the ifluatex switch (HO)
Package ifluatex Info: LuaTeX not detected.
)
Package etexcmds Info: Could not find \expanded.
(etexcmds)             That can mean that you are not using pdfTeX 1.50 or
(etexcmds)             that some package has redefined \expanded.
(etexcmds)             In the latter case, load this package earlier.
)))
(/usr/local/texlive/2014/texmf-dist/tex/generic/oberdiek/pdftexcmds.sty
Package: pdftexcmds 2011/11/29 v0.20 Utility functions of pdfTeX for LuaTeX (HO
)

(/usr/local/texlive/2014/texmf-dist/tex/generic/oberdiek/ifpdf.sty
Package: ifpdf 2011/01/30 v2.3 Provides the ifpdf switch (HO)
Package ifpdf Info: pdfTeX in PDF mode is detected.
)
Package pdftexcmds Info: LuaTeX not detected.
Package pdftexcmds Info: \pdf@primitive is available.
Package pdftexcmds Info: \pdf@ifprimitive is available.
Package pdftexcmds Info: \pdfdraftmode found.
)
Package grfext Info: Graphics extension search list:
(grfext)             [.png,.pdf,.jpg,.mps,.jpeg,.jbig2,.jb2,.PNG,.PDF,.JPG,.JPE
G,.JBIG2,.JB2,.eps]
(grfext)             \AppendGraphicsExtensions on input line 452.

(/usr/local/texlive/2014/texmf-dist/tex/latex/latexconfig/epstopdf-sys.cfg
File: epstopdf-sys.cfg 2010/07/13 v1.3 Configuration of (r)epstopdf for TeX Liv
e
)))
(/usr/local/texlive/2014/texmf-dist/tex/latex/booktabs/booktabs.sty
Package: booktabs 2005/04/14 v1.61803 publication quality tables
\heavyrulewidth=\dimen126
\lightrulewidth=\dimen127
\cmidrulewidth=\dimen128
\belowrulesep=\dimen129
\belowbottomsep=\dimen130
\aboverulesep=\dimen131
\abovetopsep=\dimen132
\cmidrulesep=\dimen133
\cmidrulekern=\dimen134
\defaultaddspace=\dimen135
\@cmidla=\count104
\@cmidlb=\count105
\@aboverulesep=\dimen136
\@belowrulesep=\dimen137
\@thisruleclass=\count106
\@lastruleclass=\count107
\@thisrulewidth=\dimen138
)
(/usr/local/texlive/2014/texmf-dist/tex/latex/rotating/rotating.sty
Package: rotating 2009/03/28 v2.16a rotated objects in LaTeX

(/usr/local/texlive/2014/texmf-dist/tex/latex/base/ifthen.sty
Package: ifthen 2001/05/26 v1.1c Standard LaTeX ifthen package (DPC)
)
\c@r@tfl@t=\count108
\rotFPtop=\skip58
\rotFPbot=\skip59
\rot@float@box=\box28
\rot@mess@toks=\toks29
)
(/usr/local/texlive/2014/texmf-dist/tex/latex/listings/listings.sty
\lst@mode=\count109
\lst@gtempboxa=\box29
\lst@token=\toks30
\lst@length=\count110
\lst@currlwidth=\dimen139
\lst@column=\count111
\lst@pos=\count112
\lst@lostspace=\dimen140
\lst@width=\dimen141
\lst@newlines=\count113
\lst@lineno=\count114
\lst@maxwidth=\dimen142

(./lstpatch.sty

***
*** This is a patch for listings 1.3, but you're using
*** version 1.5c.
***
*** Patch file not loaded.
***

) (/usr/local/texlive/2014/texmf-dist/tex/latex/listings/lstmisc.sty
File: lstmisc.sty 2014/03/04 1.5c (Carsten Heinz)
\c@lstnumber=\count115
\lst@skipnumbers=\count116
\lst@framebox=\box30
)
(/usr/local/texlive/2014/texmf-dist/tex/latex/listings/listings.cfg
File: listings.cfg 2014/03/04 1.5c listings configuration
))
Package: listings 2014/03/04 1.5c (Carsten Heinz)

(./lstpatch.sty

***
*** This is a patch for listings 1.3, but you're using
*** version 1.5c.
***
 *** Patch file not loaded.
***

) (/usr/local/texlive/2014/texmf-dist/tex/latex/hyperref/hyperref.sty
Package: hyperref 2012/11/06 v6.83m Hypertext links for LaTeX

(/usr/local/texlive/2014/texmf-dist/tex/generic/oberdiek/hobsub-hyperref.sty
Package: hobsub-hyperref 2012/05/28 v1.13 Bundle oberdiek, subset hyperref (HO)


(/usr/local/texlive/2014/texmf-dist/tex/generic/oberdiek/hobsub-generic.sty
Package: hobsub-generic 2012/05/28 v1.13 Bundle oberdiek, subset generic (HO)
Package: hobsub 2012/05/28 v1.13 Construct package bundles (HO)
Package hobsub Info: Skipping package `infwarerr' (already loaded).
Package hobsub Info: Skipping package `ltxcmds' (already loaded).
Package hobsub Info: Skipping package `ifluatex' (already loaded).
Package: ifvtex 2010/03/01 v1.5 Detect VTeX and its facilities (HO)
Package ifvtex Info: VTeX not detected.
Package: intcalc 2007/09/27 v1.1 Expandable calculations with integers (HO)
Package hobsub Info: Skipping package `ifpdf' (already loaded).
Package hobsub Info: Skipping package `etexcmds' (already loaded).
Package hobsub Info: Skipping package `kvsetkeys' (already loaded).
Package hobsub Info: Skipping package `kvdefinekeys' (already loaded).
Package hobsub Info: Skipping package `pdftexcmds' (already loaded).
Package: pdfescape 2011/11/25 v1.13 Implements pdfTeX's escape features (HO)
Package: bigintcalc 2012/04/08 v1.3 Expandable calculations on big integers (HO
)
Package: bitset 2011/01/30 v1.1 Handle bit-vector datatype (HO)
Package: uniquecounter 2011/01/30 v1.2 Provide unlimited unique counter (HO)
)
Package hobsub Info: Skipping package `hobsub' (already loaded).
Package: letltxmacro 2010/09/02 v1.4 Let assignment for LaTeX macros (HO)
Package: hopatch 2012/05/28 v1.2 Wrapper for package hooks (HO)
Package: xcolor-patch 2011/01/30 xcolor patch
Package: atveryend 2011/06/30 v1.8 Hooks at the very end of document (HO)
Package atveryend Info: \enddocument detected (standard20110627).
Package: atbegshi 2011/10/05 v1.16 At begin shipout hook (HO)
Package: refcount 2011/10/16 v3.4 Data extraction from label references (HO)
Package: hycolor 2011/01/30 v1.7 Color options for hyperref/bookmark (HO)
)
(/usr/local/texlive/2014/texmf-dist/tex/generic/ifxetex/ifxetex.sty
Package: ifxetex 2010/09/12 v0.6 Provides ifxetex conditional
)
(/usr/local/texlive/2014/texmf-dist/tex/latex/oberdiek/auxhook.sty
Package: auxhook 2011/03/04 v1.3 Hooks for auxiliary files (HO)
)
\@linkdim=\dimen143
\Hy@linkcounter=\count117
\Hy@pagecounter=\count118

(/usr/local/texlive/2014/texmf-dist/tex/latex/hyperref/pd1enc.def
File: pd1enc.def 2012/11/06 v6.83m Hyperref: PDFDocEncoding definition (HO)
Now handling font encoding PD1 ...
... no UTF-8 mapping file for font encoding PD1
)
\Hy@SavedSpaceFactor=\count119

(/usr/local/texlive/2014/texmf-dist/tex/latex/latexconfig/hyperref.cfg
File: hyperref.cfg 2002/06/06 v1.2 hyperref configuration of TeXLive
)
Package hyperref Info: Option `bookmarks' set `true' on input line 4319.
Package hyperref Info: Option `bookmarksopen' set `true' on input line 4319.
Package hyperref Info: Option `bookmarksnumbered' set `true' on input line 4319
.
Package hyperref Info: Option `hypertexnames' set `false' on input line 4319.
Package hyperref Info: Option `colorlinks' set `true' on input line 4319.
Package hyperref Info: Option `unicode' set `true' on input line 4319.

(/usr/local/texlive/2014/texmf-dist/tex/latex/hyperref/puenc.def
File: puenc.def 2012/11/06 v6.83m Hyperref: PDF Unicode definition (HO)
Now handling font encoding PU ...
... no UTF-8 mapping file for font encoding PU
)
Package hyperref Info: Option `breaklinks' set `true' on input line 4319.
Package hyperref Info: Hyper figures OFF on input line 4443.
Package hyperref Info: Link nesting OFF on input line 4448.
Package hyperref Info: Hyper index ON on input line 4451.
Package hyperref Info: Plain pages OFF on input line 4458.
Package hyperref Info: Backreferencing OFF on input line 4463.
Package hyperref Info: Implicit mode ON; LaTeX internals redefined.
Package hyperref Info: Bookmarks ON on input line 4688.
\c@Hy@tempcnt=\count120

(/usr/local/texlive/2014/texmf-dist/tex/latex/url/url.sty
\Urlmuskip=\muskip11
Package: url 2013/09/16  ver 3.4  Verb mode for urls, etc.
)
LaTeX Info: Redefining \url on input line 5041.
\XeTeXLinkMargin=\dimen144
\Fld@menulength=\count121
\Field@Width=\dimen145
\Fld@charsize=\dimen146
Package hyperref Info: Hyper figures OFF on input line 6295.
Package hyperref Info: Link nesting OFF on input line 6300.
Package hyperref Info: Hyper index ON on input line 6303.
Package hyperref Info: backreferencing OFF on input line 6310.
Package hyperref Info: Link coloring ON on input line 6313.
Package hyperref Info: Link coloring with OCG OFF on input line 6320.
Package hyperref Info: PDF/A mode OFF on input line 6325.
LaTeX Info: Redefining \ref on input line 6365.
LaTeX Info: Redefining \pageref on input line 6369.
\Hy@abspage=\count122
\c@Item=\count123
\c@Hfootnote=\count124
)

Package hyperref Message: Driver (autodetected): hpdftex.

(/usr/local/texlive/2014/texmf-dist/tex/latex/hyperref/hpdftex.def
File: hpdftex.def 2012/11/06 v6.83m Hyperref driver for pdfTeX
\Fld@listcount=\count125
\c@bookmark@seq@number=\count126

(/usr/local/texlive/2014/texmf-dist/tex/latex/oberdiek/rerunfilecheck.sty
Package: rerunfilecheck 2011/04/15 v1.7 Rerun checks for auxiliary files (HO)
Package uniquecounter Info: New unique counter `rerunfilecheck' on input line 2
82.
)
\Hy@SectionHShift=\skip60
)
\c@dummy=\count127

(/usr/local/texlive/2014/texmf-dist/tex/latex/tools/longtable.sty
Package: longtable 2004/02/01 v4.11 Multi-page Table package (DPC)
\LTleft=\skip61
\LTright=\skip62
\LTpre=\skip63
\LTpost=\skip64
\LTchunksize=\count128
\LTcapwidth=\dimen147
\LT@head=\box31
\LT@firsthead=\box32
\LT@foot=\box33
\LT@lastfoot=\box34
\LT@cols=\count129
\LT@rows=\count130
\c@LT@tables=\count131
\c@LT@chunks=\count132
\LT@p@ftn=\toks31
))
(/usr/local/texlive/2014/texmf-dist/tex/latex/algorithms/algorithm.sty
Package: algorithm 2009/08/24 v0.1 Document Style `algorithm' - floating enviro
nment

(/usr/local/texlive/2014/texmf-dist/tex/latex/float/float.sty
Package: float 2001/11/08 v1.3d Float enhancements (AL)
\c@float@type=\count133
\float@exts=\toks32
\float@box=\box35
\@float@everytoks=\toks33
\@floatcapt=\box36
)
\@float@every@algorithm=\toks34
\c@algorithm=\count134
)
(/usr/local/texlive/2014/texmf-dist/tex/latex/algorithms/algorithmic.sty
Package: algorithmic 2009/08/24 v0.1 Document Style `algorithmic'
\c@ALC@unique=\count135
\c@ALC@line=\count136
\c@ALC@rem=\count137
\c@ALC@depth=\count138
\ALC@tlm=\skip65
\algorithmicindent=\skip66
)
(/usr/local/texlive/2014/texmf-dist/tex/latex/subfig/subfig.sty
Package: subfig 2005/06/28 ver: 1.3 subfig package
\c@KVtest=\count139
\sf@farskip=\skip67
\sf@captopadj=\dimen148
\sf@capskip=\skip68
\sf@nearskip=\skip69
\c@subfigure=\count140
\c@subfigure@save=\count141
\c@lofdepth=\count142
\c@subtable=\count143
\c@subtable@save=\count144
\c@lotdepth=\count145
\sf@top=\skip70
\sf@bottom=\skip71
)
(./Missing_Packages/multiFloats.sty
MultiFloats-Style v1.1 (13.02.2000)
by Stefan Manegold <Stefan.Manegold@cwi.nl>
) (/usr/local/texlive/2014/texmf-dist/tex/latex/wrapfig/wrapfig.sty
\wrapoverhang=\dimen149
\WF@size=\dimen150
\c@WF@wrappedlines=\count146
\WF@box=\box37
\WF@everypar=\toks35
Package: wrapfig 2003/01/31  v 3.6
)
(/usr/local/texlive/2014/texmf-dist/tex/latex/threeparttable/threeparttable.sty
Package: threeparttable 2003/06/13  v 3.0
\@tempboxb=\box38
) (/usr/local/texlive/2014/texmf-dist/tex/latex/graphics/color.sty
Package: color 2014/04/23 v1.1a Standard LaTeX Color (DPC)

(/usr/local/texlive/2014/texmf-dist/tex/latex/latexconfig/color.cfg
File: color.cfg 2007/01/18 v1.5 color configuration of teTeX/TeXLive
)
Package color Info: Driver file: pdftex.def on input line 137.
)
(/usr/local/texlive/2014/texmf-dist/tex/latex/paralist/paralist.sty
Package: paralist 2013/06/09 v2.4 Extended list environments
\pltopsep=\skip72
\plpartopsep=\skip73
\plitemsep=\skip74
\plparsep=\skip75
\pl@lab=\toks36
)
(/usr/local/texlive/2014/texmf-dist/tex/latex/comment/comment.sty
\CommentStream=\write3

Excluding comment 'comment')
(/usr/local/texlive/2014/texmf-dist/tex/latex/tablefootnote/tablefootnote.sty
Package: tablefootnote 2014/01/26 v1.1c Table foot notes (HMM)

(/usr/local/texlive/2014/texmf-dist/tex/latex/xifthen/xifthen.sty
Package: xifthen 2009/04/17 v1.3 Extended ifthen features

(/usr/local/texlive/2014/texmf-dist/tex/latex/etex-pkg/etex.sty
Package: etex 1998/03/26 v2.0 eTeX basic definition package (PEB)
\et@xins=\count147
)
(/usr/local/texlive/2014/texmf-dist/tex/latex/tools/calc.sty
Package: calc 2007/08/22 v4.3 Infix arithmetic (KKT,FJ)
\calc@Acount=\count148
\calc@Bcount=\count149
\calc@Adimen=\dimen151
\calc@Bdimen=\dimen152
\calc@Askip=\skip76
\calc@Bskip=\skip77
LaTeX Info: Redefining \setlength on input line 75.
LaTeX Info: Redefining \addtolength on input line 76.
\calc@Ccount=\count150
\calc@Cskip=\skip78
)
(/usr/local/texlive/2014/texmf-dist/tex/latex/ifmtarg/ifmtarg.sty
Package: ifmtarg 2009/09/02 v1.2a check for an empty argument
))
(/usr/local/texlive/2014/texmf-dist/tex/latex/etoolbox/etoolbox.sty
Package: etoolbox 2011/01/03 v2.1 e-TeX tools for LaTeX
\etb@tempcnta=\count151
))
(./abreviations.tex)
(/usr/local/texlive/2014/texmf-dist/tex/latex/natbib/natbib.sty
Package: natbib 2010/09/13 8.31b (PWD, AO)
\bibhang=\skip79
\bibsep=\skip80
LaTeX Info: Redefining \cite on input line 694.
\c@NAT@ctr=\count152
)
Package hyperref Info: Option `colorlinks' set `true' on input line 56.
 (./top.aux

LaTeX Warning: Label `fig:vectorized-cracking' multiply defined.


LaTeX Warning: Label `fig:sequential_pred' multiply defined.


LaTeX Warning: Label `sub@fig:sequential_pred' multiply defined.


LaTeX Warning: Label `fig:random_pred' multiply defined.


LaTeX Warning: Label `sub@fig:random_pred' multiply defined.


LaTeX Warning: Label `fig:skew_pred' multiply defined.


LaTeX Warning: Label `sub@fig:skew_pred' multiply defined.


LaTeX Warning: Label `fig:periodic_pred' multiply defined.


LaTeX Warning: Label `sub@fig:periodic_pred' multiply defined.

)
\openout1 = `top.aux'.

LaTeX Font Info:    Checking defaults for OML/cmm/m/it on input line 59.
LaTeX Font Info:    ... okay on input line 59.
LaTeX Font Info:    Checking defaults for T1/cmr/m/n on input line 59.
LaTeX Font Info:    ... okay on input line 59.
LaTeX Font Info:    Checking defaults for OT1/cmr/m/n on input line 59.
LaTeX Font Info:    ... okay on input line 59.
LaTeX Font Info:    Checking defaults for OMS/cmsy/m/n on input line 59.
LaTeX Font Info:    ... okay on input line 59.
LaTeX Font Info:    Checking defaults for OMX/cmex/m/n on input line 59.
LaTeX Font Info:    ... okay on input line 59.
LaTeX Font Info:    Checking defaults for U/cmr/m/n on input line 59.
LaTeX Font Info:    ... okay on input line 59.
LaTeX Font Info:    Checking defaults for PD1/pdf/m/n on input line 59.
LaTeX Font Info:    ... okay on input line 59.
LaTeX Font Info:    Checking defaults for PU/pdf/m/n on input line 59.
LaTeX Font Info:    ... okay on input line 59.
Package caption Info: Begin \AtBeginDocument code.
Package caption Info: subfig package v1.3 is loaded.
Package caption Info: float package is loaded.
Package caption Info: hyperref package is loaded.
Package caption Info: listings package is loaded.
Package caption Info: longtable package is loaded.
 (/usr/local/texlive/2014/texmf-dist/tex/latex/caption/ltcaption.sty
Package: ltcaption 2013/02/03 v1.3-62 longtable captions (AR)
)
Package caption Info: rotating package is loaded.
Package caption Info: threeparttable package is loaded.
Package caption Info: wrapfig package is loaded.
Package caption Info: End \AtBeginDocument code.

(/usr/local/texlive/2014/texmf-dist/tex/context/base/supp-pdf.mkii
[Loading MPS to PDF converter (version 2006.09.02).]
\scratchcounter=\count153
\scratchdimen=\dimen153
\scratchbox=\box39
\nofMPsegments=\count154
\nofMParguments=\count155
\everyMPshowfont=\toks37
\MPscratchCnt=\count156
\MPscratchDim=\dimen154
\MPnumerator=\count157
\makeMPintoPDFobject=\count158
\everyMPtoPDFconversion=\toks38
)
\c@lstlisting=\count159
\AtBeginShipoutBox=\box40
Package hyperref Info: Link coloring ON on input line 59.
 (/usr/local/texlive/2014/texmf-dist/tex/latex/hyperref/nameref.sty
Package: nameref 2012/10/27 v2.43 Cross-referencing by name of section

(/usr/local/texlive/2014/texmf-dist/tex/generic/oberdiek/gettitlestring.sty
Package: gettitlestring 2010/12/03 v1.4 Cleanup title references (HO)
)
\c@section@level=\count160
)
LaTeX Info: Redefining \ref on input line 59.
LaTeX Info: Redefining \pageref on input line 59.
LaTeX Info: Redefining \nameref on input line 59.

(./top.out) (./top.out)
\@outlinefile=\write4
\openout4 = `top.out'.

 [1

{/usr/local/texlive/2014/texmf-var/fonts/map/pdftex/updmap/pdftex.map}] [2

] [3]
LaTeX Font Info:    Try loading font information for U+msa on input line 154.

(/usr/local/texlive/2014/texmf-dist/tex/latex/amsfonts/umsa.fd
File: umsa.fd 2013/01/14 v3.01 AMS symbols A
)
LaTeX Font Info:    Try loading font information for U+msb on input line 154.

(/usr/local/texlive/2014/texmf-dist/tex/latex/amsfonts/umsb.fd
File: umsb.fd 2013/01/14 v3.01 AMS symbols B
)
Underfull \hbox (badness 10000) in paragraph at lines 153--173

 []


Underfull \hbox (badness 10000) in paragraph at lines 153--173

 []

[4

] <Figures/CWIlogo.png, id=189, 224.88016pt x 121.4136pt>
File: Figures/CWIlogo.png Graphic file (type png)

<use Figures/CWIlogo.png>
Package pdftex.def Info: Figures/CWIlogo.png used on input line 180.
(pdftex.def)             Requested size: 48.36958pt x 26.11452pt.

<Figures/monetdb_logo.png, id=191, 501.875pt x 206.7725pt>
File: Figures/monetdb_logo.png Graphic file (type png)

<use Figures/monetdb_logo.png>
Package pdftex.def Info: Figures/monetdb_logo.png used on input line 190.
(pdftex.def)             Requested size: 48.36958pt x 19.92754pt.
Package epstopdf Info: Source file: <Figures/siks_logo.eps>
(epstopdf)                    date: 2015-05-10 20:42:52
(epstopdf)                    size: 20249 bytes
(epstopdf)             Output file: <Figures/siks_logo-eps-converted-to.pdf>
(epstopdf)                    date: 2015-05-10 20:42:52
(epstopdf)                    size: 3135 bytes
(epstopdf)             Command: <repstopdf --outfile=Figures/siks_logo-eps-conv
erted-to.pdf Figures/siks_logo.eps>
(epstopdf)             \includegraphics on input line 198.
Package epstopdf Info: Output file is already uptodate.

<Figures/siks_logo-eps-converted-to.pdf, id=192, 358.33875pt x 141.52875pt>
File: Figures/siks_logo-eps-converted-to.pdf Graphic file (type pdf)

<use Figures/siks_logo-eps-converted-to.pdf>
Package pdftex.def Info: Figures/siks_logo-eps-converted-to.pdf used on input l
ine 198.
(pdftex.def)             Requested size: 48.36958pt x 19.1034pt.

Underfull \hbox (badness 10000) in paragraph at lines 180--208

 []


Underfull \hbox (badness 10000) in paragraph at lines 180--208

 []


Underfull \hbox (badness 10000) in paragraph at lines 180--208

 []


Underfull \hbox (badness 10000) in paragraph at lines 180--208

 []


Underfull \hbox (badness 10000) in paragraph at lines 180--208

 []


Underfull \hbox (badness 10000) in paragraph at lines 180--208

 []


Underfull \hbox (badness 10000) in paragraph at lines 180--208

 []


Underfull \hbox (badness 10000) in paragraph at lines 180--208

 []


Underfull \hbox (badness 10000) in paragraph at lines 180--208

 []

[5

 <./Figures/CWIlogo.png> <./Figures/monetdb_logo.png> <./Figures/siks_logo-eps-
converted-to.pdf>]
------------------------------------------------------------------------------
 Dedicatory
------------------------------------------------------------------------------
[6

] [7


]
------------------------------------------------------------------------------
 Table of Contents
------------------------------------------------------------------------------
(./top.toc [8


])
\tf@toc=\write5
\openout5 = `top.toc'.

 [9] (./Chapters/Introduction.tex
Chapter 1.
------------------------------------------------------------------------------
 1 Introduction
------------------------------------------------------------------------------
) [10



] (./Chapters/RelatedWork.tex
Chapter 2.
------------------------------------------------------------------------------
 2 Related Work and Background
------------------------------------------------------------------------------
[11


]
Overfull \hbox (5.10619pt too wide) in paragraph at lines 84--96
\OT1/cmr/m/n/10.95 Adaptive in-dex-ing is the lat-est and the most lightweight 
ap-proach in self-tuning databases.
 []

[12]) [13] (./Chapters/damon/multicore_dbc.tex
Chapter 3.
------------------------------------------------------------------------------
 3 Database Cracking: Fancy Scan, not Poor Man's Sort!
------------------------------------------------------------------------------
) (./Chapters/damon/Introduction.tex [14


]
<Figures/damon/Motivation.pdf, id=348, 285.61003pt x 181.57135pt>
File: Figures/damon/Motivation.pdf Graphic file (type pdf)

<use Figures/damon/Motivation.pdf>
Package pdftex.def Info: Figures/damon/Motivation.pdf used on input line 39.
(pdftex.def)             Requested size: 375.7232pt x 238.87146pt.

Underfull \hbox (badness 10000) in paragraph at lines 28--55

 []

[15 <./Figures/damon/Motivation.pdf>]
LaTeX Font Info:    Try loading font information for OMS+cmr on input line 70.

(/usr/local/texlive/2014/texmf-dist/tex/latex/base/omscmr.fd
File: omscmr.fd 1999/05/25 v2.5h Standard LaTeX font definitions
)
LaTeX Font Info:    Font shape `OMS/cmr/m/n' in size <10.95> not available
(Font)              Font shape `OMS/cmsy/m/n' tried instead on input line 70.


LaTeX Warning: Reference `sec:related-work' on page 16 undefined on input line 
84.


LaTeX Warning: Reference `sec:conclusion' on page 16 undefined on input line 94
.

) (./Chapters/damon/RelatedWork.tex [16] [17])
(./Chapters/damon/OriginalCracking.tex
<Figures/damon/naive.pdf, id=455, 597.51233pt x 845.0471pt>
File: Figures/damon/naive.pdf Graphic file (type pdf)

<use Figures/damon/naive.pdf>
Package pdftex.def Info: Figures/damon/naive.pdf used on input line 14.
(pdftex.def)             Requested size: 580.4391pt x 56.90572pt.

Overfull \hbox (162.96603pt too wide) in paragraph at lines 14--16
 [] 
 []

<Figures/damon/AnalysisCacheMisses.pdf, id=456, 299.85524pt x 210.87282pt>
File: Figures/damon/AnalysisCacheMisses.pdf Graphic file (type pdf)

<use Figures/damon/AnalysisCacheMisses.pdf>
Package pdftex.def Info: Figures/damon/AnalysisCacheMisses.pdf used on input li
ne 28.
(pdftex.def)             Requested size: 354.85464pt x 249.55817pt.

<Figures/damon/CostBreakdown.pdf, id=457, 300.03192pt x 213.28583pt>
File: Figures/damon/CostBreakdown.pdf Graphic file (type pdf)

<use Figures/damon/CostBreakdown.pdf>
Package pdftex.def Info: Figures/damon/CostBreakdown.pdf used on input line 33.

(pdftex.def)             Requested size: 354.85464pt x 252.28366pt.

Overfull \hbox (355.88603pt too wide) in paragraph at lines 28--35
 [][][][][] 
 []

[18 <./Figures/damon/naive.pdf>] [19 <./Figures/damon/AnalysisCacheMisses.pdf> 
<./Figures/damon/CostBreakdown.pdf

pdfTeX warning: pdflatex (file ./Figures/damon/CostBreakdown.pdf): PDF inclusio
n: multiple pdfs with page group included in a single page
>]) (./Chapters/damon/EfficientCracking.tex
<Figures/damon/PredicationPhase1.pdf, id=694, 431.6125pt x 131.49126pt>
File: Figures/damon/PredicationPhase1.pdf Graphic file (type pdf)

<use Figures/damon/PredicationPhase1.pdf>
Package pdftex.def Info: Figures/damon/PredicationPhase1.pdf used on input line
 22.
(pdftex.def)             Requested size: 375.7232pt x 114.46869pt.

<Figures/damon/PredicationPhase2.pdf, id=695, 431.6125pt x 150.5625pt>
File: Figures/damon/PredicationPhase2.pdf Graphic file (type pdf)

<use Figures/damon/PredicationPhase2.pdf>
Package pdftex.def Info: Figures/damon/PredicationPhase2.pdf used on input line
 27.
(pdftex.def)             Requested size: 375.7232pt x 131.071pt.

<Figures/damon/PredicationPhase3.pdf, id=696, 432.61626pt x 144.54pt>
File: Figures/damon/PredicationPhase3.pdf Graphic file (type pdf)

<use Figures/damon/PredicationPhase3.pdf>
Package pdftex.def Info: Figures/damon/PredicationPhase3.pdf used on input line
 32.
(pdftex.def)             Requested size: 375.7232pt x 125.53703pt.

<Figures/damon/PredicationPhase4.pdf, id=697, 431.6125pt x 150.5625pt>
File: Figures/damon/PredicationPhase4.pdf Graphic file (type pdf)

<use Figures/damon/PredicationPhase4.pdf>
Package pdftex.def Info: Figures/damon/PredicationPhase4.pdf used on input line
 37.
(pdftex.def)             Requested size: 375.7232pt x 131.071pt.


LaTeX Warning: `h' float specifier changed to `ht'.

[20]
<Figures/damon/CostBreakdownEfficient.pdf, id=715, 300.03192pt x 213.28583pt>
File: Figures/damon/CostBreakdownEfficient.pdf Graphic file (type pdf)

<use Figures/damon/CostBreakdownEfficient.pdf>
Package pdftex.def Info: Figures/damon/CostBreakdownEfficient.pdf used on input
 line 94.
(pdftex.def)             Requested size: 354.85464pt x 252.28366pt.
 [21]
<Figures/damon/vectorized.pdf, id=733, 597.51233pt x 845.0471pt>
File: Figures/damon/vectorized.pdf Graphic file (type pdf)

<use Figures/damon/vectorized.pdf>
Package pdftex.def Info: Figures/damon/vectorized.pdf used on input line 153.
(pdftex.def)             Requested size: 960.18932pt x 192.04015pt.

Overfull \hbox (542.71625pt too wide) in paragraph at lines 153--155
 [] 
 []

<Figures/damon/mcrack1.pdf, id=734, 597.51233pt x 845.0471pt>
File: Figures/damon/mcrack1.pdf Graphic file (type pdf)

<use Figures/damon/mcrack1.pdf>
Package pdftex.def Info: Figures/damon/mcrack1.pdf used on input line 174.
(pdftex.def)             Requested size: 580.4391pt x 91.04886pt.

Overfull \hbox (162.96603pt too wide) in paragraph at lines 174--176
 [] 
 []

[22] <Figures/damon/mcrack2.pdf, id=743, 597.51233pt x 845.0471pt>
File: Figures/damon/mcrack2.pdf Graphic file (type pdf)

<use Figures/damon/mcrack2.pdf>
Package pdftex.def Info: Figures/damon/mcrack2.pdf used on input line 200.
(pdftex.def)             Requested size: 580.4391pt x 85.35841pt.

Overfull \hbox (162.96603pt too wide) in paragraph at lines 200--202
 [] 
 []

[23]) (./Chapters/damon/Evaluation.tex Excluding 'comment' comment.
<Figures/damon/LegendLeft.pdf, id=763, 255.95625pt x 32.12pt>
File: Figures/damon/LegendLeft.pdf Graphic file (type pdf)

<use Figures/damon/LegendLeft.pdf>
Package pdftex.def Info: Figures/damon/LegendLeft.pdf used on input line 56.
(pdftex.def)             Requested size: 187.85023pt x 23.57285pt.

<Figures/damon/SingleThreadedPebble.pdf, id=764, 284.06125pt x 200.75pt>
File: Figures/damon/SingleThreadedPebble.pdf Graphic file (type pdf)

<use Figures/damon/SingleThreadedPebble.pdf>
Package pdftex.def Info: Figures/damon/SingleThreadedPebble.pdf used on input l
ine 64.
(pdftex.def)             Requested size: 208.73653pt x 147.52342pt.

<Figures/damon/SingleThreadedPan.pdf, id=765, 284.06125pt x 200.75pt>
File: Figures/damon/SingleThreadedPan.pdf Graphic file (type pdf)

<use Figures/damon/SingleThreadedPan.pdf>
Package pdftex.def Info: Figures/damon/SingleThreadedPan.pdf used on input line
 70.
(pdftex.def)             Requested size: 208.73653pt x 147.52342pt.

<Figures/damon/SingleThreadedBricks.pdf, id=766, 285.065pt x 199.74625pt>
File: Figures/damon/SingleThreadedBricks.pdf Graphic file (type pdf)

<use Figures/damon/SingleThreadedBricks.pdf>
Package pdftex.def Info: Figures/damon/SingleThreadedBricks.pdf used on input l
ine 75.
(pdftex.def)             Requested size: 208.73653pt x 146.26158pt.

<Figures/damon/SingleThreadedDiamonds.pdf, id=767, 283.0575pt x 200.75pt>
File: Figures/damon/SingleThreadedDiamonds.pdf Graphic file (type pdf)

<use Figures/damon/SingleThreadedDiamonds.pdf>
Package pdftex.def Info: Figures/damon/SingleThreadedDiamonds.pdf used on input
 line 80.
(pdftex.def)             Requested size: 208.73653pt x 148.04417pt.


LaTeX Warning: Float too large for page by 19.37952pt on input line 83.

<Figures/damon/LegendRight.pdf, id=768, 281.05pt x 33.12375pt>
File: Figures/damon/LegendRight.pdf Graphic file (type pdf)

<use Figures/damon/LegendRight.pdf>
Package pdftex.def Info: Figures/damon/LegendRight.pdf used on input line 87.
(pdftex.def)             Requested size: 200.01433pt x 23.57285pt.

<Figures/damon/MultiThreadedPebble.pdf, id=769, 285.065pt x 199.74625pt>
File: Figures/damon/MultiThreadedPebble.pdf Graphic file (type pdf)

<use Figures/damon/MultiThreadedPebble.pdf>
Package pdftex.def Info: Figures/damon/MultiThreadedPebble.pdf used on input li
ne 96.
(pdftex.def)             Requested size: 208.73653pt x 146.26158pt.

<Figures/damon/MultiThreadedPan.pdf, id=770, 289.08pt x 200.75pt>
File: Figures/damon/MultiThreadedPan.pdf Graphic file (type pdf)

<use Figures/damon/MultiThreadedPan.pdf>
Package pdftex.def Info: Figures/damon/MultiThreadedPan.pdf used on input line 
102.
(pdftex.def)             Requested size: 208.73653pt x 144.95647pt.

<Figures/damon/MultiThreadedBricks.pdf, id=771, 286.06876pt x 199.74625pt>
File: Figures/damon/MultiThreadedBricks.pdf Graphic file (type pdf)

<use Figures/damon/MultiThreadedBricks.pdf>
Package pdftex.def Info: Figures/damon/MultiThreadedBricks.pdf used on input li
ne 107.
(pdftex.def)             Requested size: 208.73653pt x 145.74954pt.

<Figures/damon/MultiThreadedDiamonds.pdf, id=772, 290.08376pt x 199.74625pt>
File: Figures/damon/MultiThreadedDiamonds.pdf Graphic file (type pdf)

<use Figures/damon/MultiThreadedDiamonds.pdf>
Package pdftex.def Info: Figures/damon/MultiThreadedDiamonds.pdf used on input 
line 112.
(pdftex.def)             Requested size: 208.73653pt x 143.73184pt.


LaTeX Warning: Float too large for page by 10.72635pt on input line 115.

[24] <Figures/damon/SingleThreadedSIMD.pdf, id=788, 285.61003pt x 181.57034pt>
File: Figures/damon/SingleThreadedSIMD.pdf Graphic file (type pdf)

<use Figures/damon/SingleThreadedSIMD.pdf>
Package pdftex.def Info: Figures/damon/SingleThreadedSIMD.pdf used on input lin
e 169.
(pdftex.def)             Requested size: 292.22987pt x 185.78664pt.
 [25]) (./Chapters/damon/Summary.tex) [26] [27 <./Figures/damon/PredicationPhas
e1.pdf> <./Figures/damon/PredicationPhase2.pdf> <./Figures/damon/PredicationPha
se3.pdf> <./Figures/damon/PredicationPhase4.pdf>] [28 <./Figures/damon/CostBrea
kdownEfficient.pdf> <./Figures/damon/vectorized.pdf> <./Figures/damon/mcrack1.p
df>] [29 <./Figures/damon/mcrack2.pdf> <./Figures/damon/LegendLeft.pdf>] [30 <.
/Figures/damon/SingleThreadedPebble.pdf> <./Figures/damon/SingleThreadedPan.pdf
> <./Figures/damon/SingleThreadedBricks.pdf> <./Figures/damon/SingleThreadedDia
monds.pdf>] [31 <./Figures/damon/LegendRight.pdf>] [32 <./Figures/damon/MultiTh
readedPebble.pdf> <./Figures/damon/MultiThreadedPan.pdf> <./Figures/damon/Multi
ThreadedBricks.pdf> <./Figures/damon/MultiThreadedDiamonds.pdf>] [33 <./Figures
/damon/SingleThreadedSIMD.pdf>]
(./Chapters/holistic/hol.tex
Chapter 4.
------------------------------------------------------------------------------
 4 Holistic Indexing in Main-memory Column-stores
------------------------------------------------------------------------------
[34


]) (./Chapters/holistic/Introduction.tex
Overfull \hbox (226.1639pt too wide) in paragraph at lines 7--21
 [] 
 []

[35]

Package caption Warning: \label without proper \caption on input line 18.
See the caption package documentation for explanation.


LaTeX Warning: Reference `tab:qualitative' on page 36 undefined on input line 1
02.

[36]

LaTeX Warning: Reference `sec:relwork' on page 37 undefined on input line 128.


LaTeX Warning: Reference `sec:background' on page 37 undefined on input line 12
9.


LaTeX Warning: Reference `sec:conclusions' on page 37 undefined on input line 1
32.

) (./Chapters/holistic/TheProblem.tex [37]

LaTeX Warning: Reference `subsec:cracking' on page 38 undefined on input line 4
9.

[38] [39] [40]
<Figures/holistic/diagram.pdf, id=1432, 597.55246pt x 845.07718pt>
File: Figures/holistic/diagram.pdf Graphic file (type pdf)

<use Figures/holistic/diagram.pdf>
Package pdftex.def Info: Figures/holistic/diagram.pdf used on input line 152.
(pdftex.def)             Requested size: 560.56244pt x 241.8783pt.

Overfull \hbox (143.08937pt too wide) in paragraph at lines 152--154
 [] 
 []

[41 <./Figures/holistic/diagram.pdf>]
<Figures/holistic/latching.pdf, id=1498, 597.55246pt x 845.07718pt>
File: Figures/holistic/latching.pdf Graphic file (type pdf)

<use Figures/holistic/latching.pdf>
Package pdftex.def Info: Figures/holistic/latching.pdf used on input line 201.
(pdftex.def)             Requested size: 166.98668pt x 139.48082pt.
 [42 <./Figures/holistic/latching.pdf>]
<Figures/holistic/mcrack2.pdf, id=1560, 597.51233pt x 845.0471pt>
File: Figures/holistic/mcrack2.pdf Graphic file (type pdf)

<use Figures/holistic/mcrack2.pdf>
Package pdftex.def Info: Figures/holistic/mcrack2.pdf used on input line 259.
(pdftex.def)             Requested size: 834.9525pt x 51.21556pt.

Overfull \hbox (417.47943pt too wide) in paragraph at lines 259--261
 [] 
 []

<Figures/holistic/vectorized.pdf, id=1563, 597.51233pt x 845.0471pt>
File: Figures/holistic/vectorized.pdf Graphic file (type pdf)

<use Figures/holistic/vectorized.pdf>
Package pdftex.def Info: Figures/holistic/vectorized.pdf used on input line 269
.
(pdftex.def)             Requested size: 960.20586pt x 79.66829pt.

Overfull \hbox (542.73279pt too wide) in paragraph at lines 269--270
 [] 
 []

<Figures/holistic/motivation.pdf, id=1566, 614.295pt x 794.97pt>
File: Figures/holistic/motivation.pdf Graphic file (type pdf)

<use Figures/holistic/motivation.pdf>
Package pdftex.def Info: Figures/holistic/motivation.pdf used on input line 280
.
(pdftex.def)             Requested size: 130.59784pt x 114.94907pt.

<Figures/holistic/hist_motivation.pdf, id=1567, 614.295pt x 794.97pt>
File: Figures/holistic/hist_motivation.pdf Graphic file (type pdf)

<use Figures/holistic/hist_motivation.pdf>
Package pdftex.def Info: Figures/holistic/hist_motivation.pdf used on input lin
e 283.
(pdftex.def)             Requested size: 122.06195pt x 117.79407pt.

Underfull \hbox (badness 10000) in paragraph at lines 283--283
 []\OT1/cmr/m/sc/9 (b) |\OT1/cmr/m/n/9 Per-for-mance 
 []

<Figures/holistic/pieces_motivation.pdf, id=1568, 614.295pt x 794.97pt>
File: Figures/holistic/pieces_motivation.pdf Graphic file (type pdf)

<use Figures/holistic/pieces_motivation.pdf>
Package pdftex.def Info: Figures/holistic/pieces_motivation.pdf used on input l
ine 286.
(pdftex.def)             Requested size: 122.06195pt x 114.94907pt.

<Figures/holistic/workers.pdf, id=1569, 614.295pt x 794.97pt>
File: Figures/holistic/workers.pdf Graphic file (type pdf)

<use Figures/holistic/workers.pdf>
Package pdftex.def Info: Figures/holistic/workers.pdf used on input line 289.
(pdftex.def)             Requested size: 116.3715pt x 114.94907pt.

Overfull \hbox (88.22015pt too wide) in paragraph at lines 280--291
 [][][][][][][] 
 []

[43] [44 <./Figures/holistic/mcrack2.pdf> <./Figures/holistic/vectorized.pdf> <
./Figures/holistic/motivation.pdf> <./Figures/holistic/hist_motivation.pdf> <./
Figures/holistic/pieces_motivation.pdf> <./Figures/holistic/workers.pdf>])
(./Chapters/holistic/Experiments.tex
Overfull \hbox (6.64732pt too wide) in paragraph at lines 20--24
\OT1/cmr/m/n/10.95 proaches. We test holis-tic in-dex-ing against par-al-lel ve
r-sions of adap-tive in-dex-ing (database
 []

[45] <Figures/holistic/thread_distribution.pdf, id=1670, 614.295pt x 794.97pt>
File: Figures/holistic/thread_distribution.pdf Graphic file (type pdf)

<use Figures/holistic/thread_distribution.pdf>
Package pdftex.def Info: Figures/holistic/thread_distribution.pdf used on input
 line 74.
(pdftex.def)             Requested size: 563.07858pt x 103.56772pt.

Overfull \hbox (145.60551pt too wide) in paragraph at lines 74--76
 [] 
 []

[46] [47 <./Figures/holistic/thread_distribution.pdf>]
<Figures/holistic/cost_graph.pdf, id=1690, 614.295pt x 794.97pt>
File: Figures/holistic/cost_graph.pdf Graphic file (type pdf)

<use Figures/holistic/cost_graph.pdf>
Package pdftex.def Info: Figures/holistic/cost_graph.pdf used on input line 125
.
(pdftex.def)             Requested size: 5.4062pt x 63.73413pt.

Underfull \hbox (badness 10000) in paragraph at lines 127--127
 []\OT1/cmr/m/sc/10 Figure 4.7: 
 []


Underfull \hbox (badness 10000) in paragraph at lines 118--131
\OT1/cmr/m/n/10.95 cre-ates more pieces than adap-tive in-dex-ing. As a re-sult
, fu-ture
 []

<Figures/holistic/hist_motivation_apriori.pdf, id=1695, 614.295pt x 794.97pt>
File: Figures/holistic/hist_motivation_apriori.pdf Graphic file (type pdf)

<use Figures/holistic/hist_motivation_apriori.pdf>
Package pdftex.def Info: Figures/holistic/hist_motivation_apriori.pdf used on i
nput line 157.
(pdftex.def)             Requested size: 22.47755pt x 89.34138pt.

Underfull \hbox (badness 10000) in paragraph at lines 159--159
 []\OT1/cmr/m/sc/10 Figure 4.8: 
 []

[48 <./Figures/holistic/cost_graph.pdf> <./Figures/holistic/hist_motivation_apr
iori.pdf>]

Package caption Warning: \label without proper \caption on input line 18.
See the caption package documentation for explanation.


LaTeX Warning: Reference `tab:qualitative' on page 49 undefined on input line 1
75.

<Figures/holistic/random_predicates.pdf, id=1710, 614.295pt x 794.97pt>
File: Figures/holistic/random_predicates.pdf Graphic file (type pdf)

<use Figures/holistic/random_predicates.pdf>
Package pdftex.def Info: Figures/holistic/random_predicates.pdf used on input l
ine 185.
(pdftex.def)             Requested size: 93.60928pt x 55.19824pt.

<Figures/holistic/skew_predicates.pdf, id=1711, 614.295pt x 794.97pt>
File: Figures/holistic/skew_predicates.pdf Graphic file (type pdf)

<use Figures/holistic/skew_predicates.pdf>
Package pdftex.def Info: Figures/holistic/skew_predicates.pdf used on input lin
e 189.
(pdftex.def)             Requested size: 93.60928pt x 55.19824pt.

<Figures/holistic/periodic_predicates.pdf, id=1712, 614.295pt x 794.97pt>
File: Figures/holistic/periodic_predicates.pdf Graphic file (type pdf)

<use Figures/holistic/periodic_predicates.pdf>
Package pdftex.def Info: Figures/holistic/periodic_predicates.pdf used on input
 line 193.
(pdftex.def)             Requested size: 93.60928pt x 55.19824pt.

<Figures/holistic/sequential_predicates.pdf, id=1713, 614.295pt x 794.97pt>
File: Figures/holistic/sequential_predicates.pdf Graphic file (type pdf)

<use Figures/holistic/sequential_predicates.pdf>
Package pdftex.def Info: Figures/holistic/sequential_predicates.pdf used on inp
ut line 197.
(pdftex.def)             Requested size: 93.60928pt x 55.19824pt.

<Figures/holistic/skyserver_predicates.pdf, id=1714, 614.295pt x 794.97pt>
File: Figures/holistic/skyserver_predicates.pdf Graphic file (type pdf)

<use Figures/holistic/skyserver_predicates.pdf>
Package pdftex.def Info: Figures/holistic/skyserver_predicates.pdf used on inpu
t line 201.
(pdftex.def)             Requested size: 93.60928pt x 55.19824pt.

Overfull \hbox (87.07329pt too wide) in paragraph at lines 185--203
 [][][][][][][][][] 
 []

<Figures/holistic/multicore.pdf, id=1715, 614.295pt x 794.97pt>
File: Figures/holistic/multicore.pdf Graphic file (type pdf)

<use Figures/holistic/multicore.pdf>
Package pdftex.def Info: Figures/holistic/multicore.pdf used on input line 211.

(pdftex.def)             Requested size: 563.07858pt x 100.7227pt.

Overfull \hbox (145.60551pt too wide) in paragraph at lines 211--213
 [] 
 []

[49 <./Figures/holistic/random_predicates.pdf> <./Figures/holistic/skew_predica
tes.pdf> <./Figures/holistic/periodic_predicates.pdf> <./Figures/holistic/seque
ntial_predicates.pdf> <./Figures/holistic/skyserver_predicates.pdf> <./Figures/
holistic/multicore.pdf>] [50]
<Figures/holistic/sev_workloads.pdf, id=1760, 614.295pt x 794.97pt>
File: Figures/holistic/sev_workloads.pdf Graphic file (type pdf)

<use Figures/holistic/sev_workloads.pdf>
Package pdftex.def Info: Figures/holistic/sev_workloads.pdf used on input line 
281.
(pdftex.def)             Requested size: 563.07858pt x 89.34138pt.

Overfull \hbox (145.60551pt too wide) in paragraph at lines 281--283
 [] 
 []

<Figures/holistic/random_ma.pdf, id=1761, 614.295pt x 794.97pt>
File: Figures/holistic/random_ma.pdf Graphic file (type pdf)

<use Figures/holistic/random_ma.pdf>
Package pdftex.def Info: Figures/holistic/random_ma.pdf used on input line 296.

(pdftex.def)             Requested size: 250.09906pt x 77.9605pt.

<Figures/holistic/random_per_ma.pdf, id=1762, 614.295pt x 794.97pt>
File: Figures/holistic/random_per_ma.pdf Graphic file (type pdf)

<use Figures/holistic/random_per_ma.pdf>
Package pdftex.def Info: Figures/holistic/random_per_ma.pdf used on input line 
300.
(pdftex.def)             Requested size: 250.09906pt x 77.9605pt.

Overfull \hbox (97.32503pt too wide) in paragraph at lines 296--300
 [][][] 
 []

<Figures/holistic/skew_ma.pdf, id=1763, 614.295pt x 794.97pt>
File: Figures/holistic/skew_ma.pdf Graphic file (type pdf)

<use Figures/holistic/skew_ma.pdf>
Package pdftex.def Info: Figures/holistic/skew_ma.pdf used on input line 304.
(pdftex.def)             Requested size: 250.09906pt x 106.41318pt.

<Figures/holistic/skew_per_ma.pdf, id=1764, 614.295pt x 794.97pt>
File: Figures/holistic/skew_per_ma.pdf Graphic file (type pdf)

<use Figures/holistic/skew_per_ma.pdf>
Package pdftex.def Info: Figures/holistic/skew_per_ma.pdf used on input line 30
8.
(pdftex.def)             Requested size: 250.09906pt x 106.41318pt.

Overfull \hbox (97.32503pt too wide) in paragraph at lines 304--312
 [][][][] 
 []

[51 <./Figures/holistic/sev_workloads.pdf> <./Figures/holistic/random_ma.pdf> <
./Figures/holistic/random_per_ma.pdf> <./Figures/holistic/skew_ma.pdf> <./Figur
es/holistic/skew_per_ma.pdf>] [52]
<Figures/holistic/tpch_q1.pdf, id=1802, 614.295pt x 794.97pt>
File: Figures/holistic/tpch_q1.pdf Graphic file (type pdf)

<use Figures/holistic/tpch_q1.pdf>
Package pdftex.def Info: Figures/holistic/tpch_q1.pdf used on input line 375.
(pdftex.def)             Requested size: 173.27689pt x 97.87727pt.

<Figures/holistic/tpch_q6.pdf, id=1803, 614.295pt x 794.97pt>
File: Figures/holistic/tpch_q6.pdf Graphic file (type pdf)

<use Figures/holistic/tpch_q6.pdf>
Package pdftex.def Info: Figures/holistic/tpch_q6.pdf used on input line 379.
(pdftex.def)             Requested size: 102.14514pt x 97.87727pt.

Underfull \hbox (badness 10000) in paragraph at lines 379--379
 []\OT1/cmr/m/sc/9 (b) |\OT1/cmr/m/n/9 TPC-H 
 []

<Figures/holistic/tpch_q12.pdf, id=1804, 614.295pt x 794.97pt>
File: Figures/holistic/tpch_q12.pdf Graphic file (type pdf)

<use Figures/holistic/tpch_q12.pdf>
Package pdftex.def Info: Figures/holistic/tpch_q12.pdf used on input line 383.
(pdftex.def)             Requested size: 173.27689pt x 97.87727pt.

Overfull \hbox (53.12581pt too wide) in paragraph at lines 375--385
 [][][][][] 
 []

[53 <./Figures/holistic/tpch_q1.pdf> <./Figures/holistic/tpch_q6.pdf> <./Figure
s/holistic/tpch_q12.pdf>]
<Figures/holistic/cracks_number.pdf, id=1835, 614.295pt x 794.97pt>
File: Figures/holistic/cracks_number.pdf Graphic file (type pdf)

<use Figures/holistic/cracks_number.pdf>
Package pdftex.def Info: Figures/holistic/cracks_number.pdf used on input line 
433.
(pdftex.def)             Requested size: 563.07858pt x 97.87727pt.

Overfull \hbox (145.60551pt too wide) in paragraph at lines 433--435
 [] 
 []

[54 <./Figures/holistic/cracks_number.pdf>] [55]
<Figures/holistic/updates.pdf, id=1855, 614.295pt x 794.97pt>
File: Figures/holistic/updates.pdf Graphic file (type pdf)

<use Figures/holistic/updates.pdf>
Package pdftex.def Info: Figures/holistic/updates.pdf used on input line 499.
(pdftex.def)             Requested size: 22.47755pt x 77.96048pt.

Underfull \hbox (badness 10000) in paragraph at lines 501--501
 []\OT1/cmr/m/sc/10 Figure 4.15: 
 []

<Figures/holistic/threshold.pdf, id=1858, 614.295pt x 794.97pt>
File: Figures/holistic/threshold.pdf Graphic file (type pdf)

<use Figures/holistic/threshold.pdf>
Package pdftex.def Info: Figures/holistic/threshold.pdf used on input line 526.

(pdftex.def)             Requested size: 73.69247pt x 83.65094pt.

Overfull \hbox (4.3918pt too wide) in paragraph at lines 526--528
 [] 
 []


Underfull \hbox (badness 10000) in paragraph at lines 528--528
 []\OT1/cmr/m/sc/10 Figure 4.16: 
 []


Underfull \hbox (badness 10000) in paragraph at lines 528--528
 |\OT1/cmr/m/n/10 Vary-ing num- 
 []

) [56 <./Figures/holistic/updates.pdf> <./Figures/holistic/threshold.pdf>]
(./top.bbl [57] [58

] [59] [60] [61] [62]) [63]
------------------------------------------------------------------------------
 List of Figures
------------------------------------------------------------------------------
(./top.lof)
\tf@lof=\write6
\openout6 = `top.lof'.

 [64


]
------------------------------------------------------------------------------
 List of Tables
------------------------------------------------------------------------------
(./top.lot)
\tf@lot=\write7
\openout7 = `top.lot'.

 [65



]
------------------------------------------------------------------------------
 Abbreviations
------------------------------------------------------------------------------
[66



] (./Chapters/Summary.tex) [67



] (./Chapters/Samenvatting.tex) [68


]
(./Chapters/Acknowledgements.tex) [69


] (./Chapters/Siks.tex)
Package atveryend Info: Empty hook `BeforeClearDocument' on input line 352.
 [70


]
Package atveryend Info: Empty hook `AfterLastShipout' on input line 352.
 (./top.aux)
Package atveryend Info: Executing hook `AtVeryEndDocument' on input line 352.
Package atveryend Info: Executing hook `AtEndAfterFileList' on input line 352.
Package rerunfilecheck Info: File `top.out' has not changed.
(rerunfilecheck)             Checksum: CCD0DF6D915B14521F8BAB6BE72CC61C;7095.


LaTeX Warning: There were undefined references.


LaTeX Warning: There were multiply-defined labels.

Package atveryend Info: Empty hook `AtVeryVeryEnd' on input line 352.
 ) 
Here is how much of TeX's memory you used:
 15112 strings out of 493117
 220931 string characters out of 6135433
 301225 words of memory out of 5000000
 17959 multiletter control sequences out of 15000+600000
 16557 words of font info for 63 fonts, out of 8000000 for 9000
 1141 hyphenation exceptions out of 8191
 49i,15n,47p,902b,549s stack positions out of 5000i,500n,10000p,200000b,80000s
pdfTeX warning (dest): name{Hfootnote.55} has been referenced but does not ex
ist, replaced by a fixed one

</usr/local/texlive/2014/texmf-dist/fonts/type1/public/amsfonts/cm/cmbx10.pfb><
/usr/local/texlive/2014/texmf-dist/fonts/type1/public/amsfonts/cm/cmbx12.pfb></
usr/local/texlive/2014/texmf-dist/fonts/type1/public/amsfonts/cm/cmbxti10.pfb><
/usr/local/texlive/2014/texmf-dist/fonts/type1/public/amsfonts/cm/cmcsc10.pfb><
/usr/local/texlive/2014/texmf-dist/fonts/type1/public/amsfonts/cm/cmmi10.pfb></
usr/local/texlive/2014/texmf-dist/fonts/type1/public/amsfonts/cm/cmmi6.pfb></us
r/local/texlive/2014/texmf-dist/fonts/type1/public/amsfonts/cm/cmmi8.pfb></usr/
local/texlive/2014/texmf-dist/fonts/type1/public/amsfonts/cm/cmr10.pfb></usr/lo
cal/texlive/2014/texmf-dist/fonts/type1/public/amsfonts/cm/cmr6.pfb></usr/local
/texlive/2014/texmf-dist/fonts/type1/public/amsfonts/cm/cmr8.pfb></usr/local/te
xlive/2014/texmf-dist/fonts/type1/public/amsfonts/cm/cmr9.pfb></usr/local/texli
ve/2014/texmf-dist/fonts/type1/public/amsfonts/cm/cmsl12.pfb></usr/local/texliv
e/2014/texmf-dist/fonts/type1/public/amsfonts/cm/cmsy10.pfb></usr/local/texlive
/2014/texmf-dist/fonts/type1/public/amsfonts/cm/cmti10.pfb></usr/local/texlive/
2014/texmf-dist/fonts/type1/public/amsfonts/cm/cmtt10.pfb></usr/local/texlive/2
014/texmf-dist/fonts/type1/public/amsfonts/cm/cmtt9.pfb>
Output written on top.pdf (70 pages, 3397582 bytes).
PDF statistics:
 2095 PDF objects out of 2487 (max. 8388607)
 1530 compressed objects within 16 object streams
 264 named destinations out of 1000 (max. 500000)
 599 words of extra memory for PDF output out of 10000 (max. 10000000)

